<?xml version="1.0" encoding="UTF-8"?>
<!-- Generated by org.testng.reporters.JUnitXMLReporter -->
<testsuite ignored="0" hostname="vivobook-asuslaptop-x512flc-x512fl" failures="0" tests="8" name="Default test" time="2.391" errors="0" timestamp="2024-01-16T11:58:13 IST">
  <testcase classname="com.test.Dashboard_apis.Testing" name="subject" time="1.409"/>
  <testcase classname="com.test.Dashboard_apis.Testing" name="OrganExtraction" time="0.049"/>
  <testcase classname="com.test.Dashboard_apis.Testing" name="Cryoprotection" time="0.049"/>
  <testcase classname="com.test.Dashboard_apis.Testing" name="CryoBlock" time="0.044"/>
  <testcase classname="com.test.Dashboard_apis.Testing" name="MRI" time="0.037"/>
  <testcase classname="com.test.Dashboard_apis.Testing" name="ImageQC" time="0.06"/>
  <testcase classname="com.test.Dashboard_apis.Testing" name="Registration" time="0.031"/>
  <testcase classname="com.test.Dashboard_apis.Testing" name="AtlasCreation" time="0.672"/>
</testsuite> <!-- Default test -->
