<?xml version="1.0" encoding="UTF-8"?>
<testng-results ignored="0" total="1" passed="1" failed="0" skipped="0">
  <reporter-output>
  </reporter-output>
  <suite started-at="2024-03-21T12:38:10 IST" name="Default suite" finished-at="2024-03-21T12:38:12 IST" duration-ms="1776">
    <groups>
    </groups>
    <test started-at="2024-03-21T12:38:10 IST" name="Default test" finished-at="2024-03-21T12:38:12 IST" duration-ms="1776">
      <class name="com.test.Dashboard_apis.AtlasCreation_api">
        <test-method signature="AtlasCreation()[pri:1, instance:com.test.Dashboard_apis.AtlasCreation_api@f736069]" started-at="2024-03-21T12:38:11 IST" name="AtlasCreation" finished-at="2024-03-21T12:38:12 IST" duration-ms="1755" status="PASS">
          <reporter-output>
          </reporter-output>
        </test-method> <!-- AtlasCreation -->
      </class> <!-- com.test.Dashboard_apis.AtlasCreation_api -->
    </test> <!-- Default test -->
  </suite> <!-- Default suite -->
</testng-results>
